<?xml version="1.0" encoding="UTF-8"?>
<!-- Generated by org.testng.reporters.JUnitReportReporter -->
<testsuite skipped="0" hostname="XIPL0428" name="Example.NewTest" tests="1" failures="0" timestamp="18 Feb 2019 06:23:51 GMT" time="4.042" errors="0">
  <testcase name="testEasy" time="4.042" classname="Example.NewTest"/>
</testsuite> <!-- Example.NewTest -->
